[0.352s] Invoking command in '/home/dev-john/Documents/medusa-project/rover/ros2/src/vision': PYTHONPATH=/home/dev-john/Documents/medusa-project/rover/ros2/install/vision/lib/python3.6/site-packages:${PYTHONPATH} /usr/bin/python3 setup.py egg_info --egg-base /home/dev-john/Documents/medusa-project/rover/ros2/build/vision build --build-base /home/dev-john/Documents/medusa-project/rover/ros2/build/vision/build install --prefix /home/dev-john/Documents/medusa-project/rover/ros2/install/vision --record /home/dev-john/Documents/medusa-project/rover/ros2/build/vision/install.log --single-version-externally-managed
[0.726s] running egg_info
[0.730s] writing /home/dev-john/Documents/medusa-project/rover/ros2/build/vision/vision.egg-info/PKG-INFO
[0.732s] writing dependency_links to /home/dev-john/Documents/medusa-project/rover/ros2/build/vision/vision.egg-info/dependency_links.txt
[0.733s] writing entry points to /home/dev-john/Documents/medusa-project/rover/ros2/build/vision/vision.egg-info/entry_points.txt
[0.735s] writing requirements to /home/dev-john/Documents/medusa-project/rover/ros2/build/vision/vision.egg-info/requires.txt
[0.735s] writing top-level names to /home/dev-john/Documents/medusa-project/rover/ros2/build/vision/vision.egg-info/top_level.txt
[0.782s] reading manifest file '/home/dev-john/Documents/medusa-project/rover/ros2/build/vision/vision.egg-info/SOURCES.txt'
[0.801s] writing manifest file '/home/dev-john/Documents/medusa-project/rover/ros2/build/vision/vision.egg-info/SOURCES.txt'
[0.804s] running build
[0.804s] running build_py
[0.805s] running install
[0.807s] running install_lib
[0.810s] running install_data
[0.810s] running install_egg_info
[0.815s] removing '/home/dev-john/Documents/medusa-project/rover/ros2/install/vision/lib/python3.6/site-packages/vision-2.0.0-py3.6.egg-info' (and everything under it)
[0.859s] Copying /home/dev-john/Documents/medusa-project/rover/ros2/build/vision/vision.egg-info to /home/dev-john/Documents/medusa-project/rover/ros2/install/vision/lib/python3.6/site-packages/vision-2.0.0-py3.6.egg-info
[0.859s] running install_scripts
[0.885s] Installing video_mapping script to /home/dev-john/Documents/medusa-project/rover/ros2/install/vision/lib/vision
[0.889s] writing list of installed files to '/home/dev-john/Documents/medusa-project/rover/ros2/build/vision/install.log'
[0.916s] Invoked command in '/home/dev-john/Documents/medusa-project/rover/ros2/src/vision' returned '0': PYTHONPATH=/home/dev-john/Documents/medusa-project/rover/ros2/install/vision/lib/python3.6/site-packages:${PYTHONPATH} /usr/bin/python3 setup.py egg_info --egg-base /home/dev-john/Documents/medusa-project/rover/ros2/build/vision build --build-base /home/dev-john/Documents/medusa-project/rover/ros2/build/vision/build install --prefix /home/dev-john/Documents/medusa-project/rover/ros2/install/vision --record /home/dev-john/Documents/medusa-project/rover/ros2/build/vision/install.log --single-version-externally-managed
