[0.000000] (-) TimerEvent: {}
[0.000828] (vision) JobQueued: {'identifier': 'vision', 'dependencies': OrderedDict()}
[0.000884] (vision) JobStarted: {'identifier': 'vision'}
[0.100006] (-) TimerEvent: {}
[0.206197] (-) TimerEvent: {}
[0.312231] (-) TimerEvent: {}
[0.413694] (-) TimerEvent: {}
[0.515771] (-) TimerEvent: {}
[0.618154] (-) TimerEvent: {}
[0.719978] (-) TimerEvent: {}
[0.821296] (-) TimerEvent: {}
[0.924035] (-) TimerEvent: {}
[1.026837] (-) TimerEvent: {}
[1.127981] (-) TimerEvent: {}
[1.230835] (-) TimerEvent: {}
[1.331640] (-) TimerEvent: {}
[1.437525] (-) TimerEvent: {}
[1.510098] (vision) StderrLine: {'line': b'Traceback (most recent call last):\n  File "/usr/lib/python3/dist-packages/colcon_core/executor/__init__.py", line 91, in __call__\n    rc = await self.task(*args, **kwargs)\n  File "/usr/lib/python3/dist-packages/colcon_core/task/__init__.py", line 92, in __call__\n    return await task_method(*args, **kwargs)\n  File "/usr/lib/python3/dist-packages/colcon_ros/task/ament_python/build.py", line 51, in build\n    setup_py_data = get_setup_data(self.context.pkg, env)\n  File "/usr/lib/python3/dist-packages/colcon_core/task/python/__init__.py", line 20, in get_setup_data\n    return dict(pkg.metadata[key](env))\n  File "/usr/lib/python3/dist-packages/colcon_ros/package_identification/ros.py", line 130, in getter\n    desc.path / \'setup.py\', env=env)\n  File "/usr/lib/python3/dist-packages/colcon_python_setup_py/package_identification/python_setup_py.py", line 265, in get_setup_information\n    setup_py, env=env)\n  File "/usr/lib/python3/dist-packages/colcon_python_setup_py/package_identification/python_setup_py.py", line 303, in _get_setup_information\n    cwd=os.path.abspath(str(setup_py.parent)), check=True, env=env)\n  File "/usr/lib/python3.6/subprocess.py", line 438, in run\n    output=stdout, stderr=stderr)\nsubprocess.CalledProcessError: Command \'[\'/usr/bin/python3\', \'-c\', "import sys;from distutils.core import run_setup;dist = run_setup(    \'setup.py\', script_args=(\'--dry-run\',), stop_after=\'config\');skip_keys = (\'cmdclass\', \'distclass\', \'ext_modules\', \'metadata\');data = {    key: value for key, value in dist.__dict__.items()     if (        not key.startswith(\'_\') and         not callable(value) and         key not in skip_keys and         key not in dist.display_option_names    )};data[\'metadata\'] = {    k: v for k, v in dist.metadata.__dict__.items()     if k not in (\'license_files\', \'provides_extras\')};sys.stdout.buffer.write(repr(data).encode(\'utf-8\'))"]\' returned non-zero exit status 1.\n'}
[1.514460] (vision) JobEnded: {'identifier': 'vision', 'rc': 1}
[1.522065] (-) EventReactorShutdown: {}
