[0.393s] Invoking command in '/home/dev-john/Documents/medusa-project/rover/ros2/src/vision': PYTHONPATH=/home/dev-john/Documents/medusa-project/rover/ros2/install/vision/lib/python3.6/site-packages:${PYTHONPATH} /usr/bin/python3 setup.py egg_info --egg-base /home/dev-john/Documents/medusa-project/rover/ros2/build/vision build --build-base /home/dev-john/Documents/medusa-project/rover/ros2/build/vision/build install --prefix /home/dev-john/Documents/medusa-project/rover/ros2/install/vision --record /home/dev-john/Documents/medusa-project/rover/ros2/build/vision/install.log --single-version-externally-managed
[0.685s] running egg_info
[0.692s] writing /home/dev-john/Documents/medusa-project/rover/ros2/build/vision/vision.egg-info/PKG-INFO
[0.696s] writing dependency_links to /home/dev-john/Documents/medusa-project/rover/ros2/build/vision/vision.egg-info/dependency_links.txt
[0.697s] writing entry points to /home/dev-john/Documents/medusa-project/rover/ros2/build/vision/vision.egg-info/entry_points.txt
[0.697s] writing requirements to /home/dev-john/Documents/medusa-project/rover/ros2/build/vision/vision.egg-info/requires.txt
[0.699s] writing top-level names to /home/dev-john/Documents/medusa-project/rover/ros2/build/vision/vision.egg-info/top_level.txt
[0.759s] reading manifest file '/home/dev-john/Documents/medusa-project/rover/ros2/build/vision/vision.egg-info/SOURCES.txt'
[0.763s] writing manifest file '/home/dev-john/Documents/medusa-project/rover/ros2/build/vision/vision.egg-info/SOURCES.txt'
[0.765s] running build
[0.766s] running build_py
[0.768s] running install
[0.769s] running install_lib
[0.773s] running install_data
[0.775s] running install_egg_info
[0.780s] removing '/home/dev-john/Documents/medusa-project/rover/ros2/install/vision/lib/python3.6/site-packages/vision-2.0.0-py3.6.egg-info' (and everything under it)
[0.782s] Copying /home/dev-john/Documents/medusa-project/rover/ros2/build/vision/vision.egg-info to /home/dev-john/Documents/medusa-project/rover/ros2/install/vision/lib/python3.6/site-packages/vision-2.0.0-py3.6.egg-info
[0.786s] running install_scripts
[0.813s] Installing video_mapping script to /home/dev-john/Documents/medusa-project/rover/ros2/install/vision/lib/vision
[0.817s] writing list of installed files to '/home/dev-john/Documents/medusa-project/rover/ros2/build/vision/install.log'
[0.851s] Invoked command in '/home/dev-john/Documents/medusa-project/rover/ros2/src/vision' returned '0': PYTHONPATH=/home/dev-john/Documents/medusa-project/rover/ros2/install/vision/lib/python3.6/site-packages:${PYTHONPATH} /usr/bin/python3 setup.py egg_info --egg-base /home/dev-john/Documents/medusa-project/rover/ros2/build/vision build --build-base /home/dev-john/Documents/medusa-project/rover/ros2/build/vision/build install --prefix /home/dev-john/Documents/medusa-project/rover/ros2/install/vision --record /home/dev-john/Documents/medusa-project/rover/ros2/build/vision/install.log --single-version-externally-managed
