[0.366s] Invoking command in '/home/dev-john/Documents/medusa-project/rover/ros2/src/vision': PYTHONPATH=/home/dev-john/Documents/medusa-project/rover/ros2/install/vision/lib/python3.6/site-packages:${PYTHONPATH} /usr/bin/python3 setup.py egg_info --egg-base /home/dev-john/Documents/medusa-project/rover/ros2/build/vision build --build-base /home/dev-john/Documents/medusa-project/rover/ros2/build/vision/build install --prefix /home/dev-john/Documents/medusa-project/rover/ros2/install/vision --record /home/dev-john/Documents/medusa-project/rover/ros2/build/vision/install.log --single-version-externally-managed
[0.656s] running egg_info
[0.660s] creating /home/dev-john/Documents/medusa-project/rover/ros2/build/vision/vision.egg-info
[0.663s] writing /home/dev-john/Documents/medusa-project/rover/ros2/build/vision/vision.egg-info/PKG-INFO
[0.663s] writing dependency_links to /home/dev-john/Documents/medusa-project/rover/ros2/build/vision/vision.egg-info/dependency_links.txt
[0.665s] writing entry points to /home/dev-john/Documents/medusa-project/rover/ros2/build/vision/vision.egg-info/entry_points.txt
[0.665s] writing requirements to /home/dev-john/Documents/medusa-project/rover/ros2/build/vision/vision.egg-info/requires.txt
[0.665s] writing top-level names to /home/dev-john/Documents/medusa-project/rover/ros2/build/vision/vision.egg-info/top_level.txt
[0.674s] writing manifest file '/home/dev-john/Documents/medusa-project/rover/ros2/build/vision/vision.egg-info/SOURCES.txt'
[0.721s] reading manifest file '/home/dev-john/Documents/medusa-project/rover/ros2/build/vision/vision.egg-info/SOURCES.txt'
[0.726s] writing manifest file '/home/dev-john/Documents/medusa-project/rover/ros2/build/vision/vision.egg-info/SOURCES.txt'
[0.728s] running build
[0.730s] running build_py
[0.730s] creating /home/dev-john/Documents/medusa-project/rover/ros2/build/vision/build
[0.730s] creating /home/dev-john/Documents/medusa-project/rover/ros2/build/vision/build/lib
[0.731s] creating /home/dev-john/Documents/medusa-project/rover/ros2/build/vision/build/lib/vision
[0.733s] copying vision/__init__.py -> /home/dev-john/Documents/medusa-project/rover/ros2/build/vision/build/lib/vision
[0.733s] copying vision/video_mapping.py -> /home/dev-john/Documents/medusa-project/rover/ros2/build/vision/build/lib/vision
[0.733s] running install
[0.735s] running install_lib
[0.738s] creating /home/dev-john/Documents/medusa-project/rover/ros2/install/vision/lib/python3.6/site-packages/vision
[0.738s] copying /home/dev-john/Documents/medusa-project/rover/ros2/build/vision/build/lib/vision/__init__.py -> /home/dev-john/Documents/medusa-project/rover/ros2/install/vision/lib/python3.6/site-packages/vision
[0.739s] copying /home/dev-john/Documents/medusa-project/rover/ros2/build/vision/build/lib/vision/video_mapping.py -> /home/dev-john/Documents/medusa-project/rover/ros2/install/vision/lib/python3.6/site-packages/vision
[0.741s] byte-compiling /home/dev-john/Documents/medusa-project/rover/ros2/install/vision/lib/python3.6/site-packages/vision/__init__.py to __init__.cpython-36.pyc
[0.741s] byte-compiling /home/dev-john/Documents/medusa-project/rover/ros2/install/vision/lib/python3.6/site-packages/vision/video_mapping.py to video_mapping.cpython-36.pyc
[0.743s] running install_data
[0.744s] creating /home/dev-john/Documents/medusa-project/rover/ros2/install/vision/share/ament_index
[0.745s] creating /home/dev-john/Documents/medusa-project/rover/ros2/install/vision/share/ament_index/resource_index
[0.746s] creating /home/dev-john/Documents/medusa-project/rover/ros2/install/vision/share/ament_index/resource_index/packages
[0.746s] copying resource/vision -> /home/dev-john/Documents/medusa-project/rover/ros2/install/vision/share/ament_index/resource_index/packages
[0.748s] copying package.xml -> /home/dev-john/Documents/medusa-project/rover/ros2/install/vision/share/vision
[0.748s] running install_egg_info
[0.754s] Copying /home/dev-john/Documents/medusa-project/rover/ros2/build/vision/vision.egg-info to /home/dev-john/Documents/medusa-project/rover/ros2/install/vision/lib/python3.6/site-packages/vision-0.0.0-py3.6.egg-info
[0.756s] running install_scripts
[0.793s] Installing video_mapping script to /home/dev-john/Documents/medusa-project/rover/ros2/install/vision/lib/vision
[0.798s] writing list of installed files to '/home/dev-john/Documents/medusa-project/rover/ros2/build/vision/install.log'
[0.835s] Invoked command in '/home/dev-john/Documents/medusa-project/rover/ros2/src/vision' returned '0': PYTHONPATH=/home/dev-john/Documents/medusa-project/rover/ros2/install/vision/lib/python3.6/site-packages:${PYTHONPATH} /usr/bin/python3 setup.py egg_info --egg-base /home/dev-john/Documents/medusa-project/rover/ros2/build/vision build --build-base /home/dev-john/Documents/medusa-project/rover/ros2/build/vision/build install --prefix /home/dev-john/Documents/medusa-project/rover/ros2/install/vision --record /home/dev-john/Documents/medusa-project/rover/ros2/build/vision/install.log --single-version-externally-managed
